<?xml version="1.0" encoding="UTF-8"?>
<testsuite name="com.jhyeon.book.springboot.web.PostsApiControllerTest" tests="2" skipped="0" failures="0" errors="0" timestamp="2020-06-22T06:52:26" hostname="payletter3" time="0.126">
  <properties/>
  <testcase name="Posts_등록된다" classname="com.jhyeon.book.springboot.web.PostsApiControllerTest" time="0.105"/>
  <testcase name="Posts_수정된다" classname="com.jhyeon.book.springboot.web.PostsApiControllerTest" time="0.021"/>
  <system-out><![CDATA[2020-06-22 15:52:26.595  INFO 36496 --- [    Test worker] .b.t.c.SpringBootTestContextBootstrapper : Neither @ContextConfiguration nor @ContextHierarchy found for test class [com.jhyeon.book.springboot.web.PostsApiControllerTest], using SpringBootContextLoader
2020-06-22 15:52:26.595  INFO 36496 --- [    Test worker] o.s.t.c.support.AbstractContextLoader    : Could not detect default resource locations for test class [com.jhyeon.book.springboot.web.PostsApiControllerTest]: no resource found for suffixes {-context.xml, Context.groovy}.
2020-06-22 15:52:26.595  INFO 36496 --- [    Test worker] t.c.s.AnnotationConfigContextLoaderUtils : Could not detect default configuration classes for test class [com.jhyeon.book.springboot.web.PostsApiControllerTest]: PostsApiControllerTest does not declare any static, non-private, non-final, nested classes annotated with @Configuration.
2020-06-22 15:52:26.596  INFO 36496 --- [    Test worker] .b.t.c.SpringBootTestContextBootstrapper : Found @SpringBootConfiguration com.jhyeon.book.springboot.Application for test class com.jhyeon.book.springboot.web.PostsApiControllerTest
2020-06-22 15:52:26.597  INFO 36496 --- [    Test worker] .b.t.c.SpringBootTestContextBootstrapper : Loaded default TestExecutionListener class names from location [META-INF/spring.factories]: [org.springframework.security.test.context.support.WithSecurityContextTestExecutionListener, org.springframework.security.test.context.support.ReactorContextTestExecutionListener, org.springframework.boot.test.autoconfigure.restdocs.RestDocsTestExecutionListener, org.springframework.boot.test.autoconfigure.web.client.MockRestServiceServerResetTestExecutionListener, org.springframework.boot.test.autoconfigure.web.servlet.MockMvcPrintOnlyOnFailureTestExecutionListener, org.springframework.boot.test.autoconfigure.web.servlet.WebDriverTestExecutionListener, org.springframework.boot.test.mock.mockito.MockitoTestExecutionListener, org.springframework.boot.test.mock.mockito.ResetMocksTestExecutionListener, org.springframework.test.context.web.ServletTestExecutionListener, org.springframework.test.context.support.DirtiesContextBeforeModesTestExecutionListener, org.springframework.test.context.support.DependencyInjectionTestExecutionListener, org.springframework.test.context.support.DirtiesContextTestExecutionListener, org.springframework.test.context.transaction.TransactionalTestExecutionListener, org.springframework.test.context.jdbc.SqlScriptsTestExecutionListener]
2020-06-22 15:52:26.598  INFO 36496 --- [    Test worker] .b.t.c.SpringBootTestContextBootstrapper : Using TestExecutionListeners: [org.springframework.test.context.web.ServletTestExecutionListener@3c6cf6dc, org.springframework.test.context.support.DirtiesContextBeforeModesTestExecutionListener@66b0175d, org.springframework.boot.test.mock.mockito.MockitoTestExecutionListener@3b62309, org.springframework.boot.test.autoconfigure.SpringBootDependencyInjectionTestExecutionListener@4f570f5b, org.springframework.test.context.support.DirtiesContextTestExecutionListener@14d6ca7b, org.springframework.test.context.transaction.TransactionalTestExecutionListener@72ba3d43, org.springframework.test.context.jdbc.SqlScriptsTestExecutionListener@4026f676, org.springframework.security.test.context.support.WithSecurityContextTestExecutionListener@37fc04fe, org.springframework.security.test.context.support.ReactorContextTestExecutionListener@15db8568, org.springframework.boot.test.autoconfigure.restdocs.RestDocsTestExecutionListener@3628f2b5, org.springframework.boot.test.autoconfigure.web.client.MockRestServiceServerResetTestExecutionListener@41ca3740, org.springframework.boot.test.autoconfigure.web.servlet.MockMvcPrintOnlyOnFailureTestExecutionListener@16460073, org.springframework.boot.test.autoconfigure.web.servlet.WebDriverTestExecutionListener@5f7f2716, org.springframework.boot.test.mock.mockito.ResetMocksTestExecutionListener@2e33cb16]
2020-06-22 15:52:26.611  INFO 36496 --- [    Test worker] o.a.c.c.C.[Tomcat].[localhost].[/]       : Initializing Spring TestDispatcherServlet ''
2020-06-22 15:52:26.612  INFO 36496 --- [    Test worker] o.s.t.web.servlet.TestDispatcherServlet  : Initializing Servlet ''
2020-06-22 15:52:26.613  INFO 36496 --- [    Test worker] o.s.t.web.servlet.TestDispatcherServlet  : Completed initialization in 1 ms
Hibernate: insert into posts (create_date, modified_date, author, content, title) values (?, ?, ?, ?, ?)
Hibernate: select posts0_.id as id1_0_, posts0_.create_date as create_d2_0_, posts0_.modified_date as modified3_0_, posts0_.author as author4_0_, posts0_.content as content5_0_, posts0_.title as title6_0_ from posts posts0_
Hibernate: select posts0_.id as id1_0_, posts0_.create_date as create_d2_0_, posts0_.modified_date as modified3_0_, posts0_.author as author4_0_, posts0_.content as content5_0_, posts0_.title as title6_0_ from posts posts0_
Hibernate: delete from posts where id=?
2020-06-22 15:52:26.707  INFO 36496 --- [    Test worker] o.a.c.c.C.[Tomcat].[localhost].[/]       : Initializing Spring TestDispatcherServlet ''
2020-06-22 15:52:26.708  INFO 36496 --- [    Test worker] o.s.t.web.servlet.TestDispatcherServlet  : Initializing Servlet ''
2020-06-22 15:52:26.709  INFO 36496 --- [    Test worker] o.s.t.web.servlet.TestDispatcherServlet  : Completed initialization in 1 ms
Hibernate: insert into posts (create_date, modified_date, author, content, title) values (?, ?, ?, ?, ?)
Hibernate: select posts0_.id as id1_0_0_, posts0_.create_date as create_d2_0_0_, posts0_.modified_date as modified3_0_0_, posts0_.author as author4_0_0_, posts0_.content as content5_0_0_, posts0_.title as title6_0_0_ from posts posts0_ where posts0_.id=?
Hibernate: update posts set create_date=?, modified_date=?, author=?, content=?, title=? where id=?
Hibernate: select posts0_.id as id1_0_, posts0_.create_date as create_d2_0_, posts0_.modified_date as modified3_0_, posts0_.author as author4_0_, posts0_.content as content5_0_, posts0_.title as title6_0_ from posts posts0_
Hibernate: select posts0_.id as id1_0_, posts0_.create_date as create_d2_0_, posts0_.modified_date as modified3_0_, posts0_.author as author4_0_, posts0_.content as content5_0_, posts0_.title as title6_0_ from posts posts0_
Hibernate: delete from posts where id=?
]]></system-out>
  <system-err><![CDATA[]]></system-err>
</testsuite>
