<?xml version="1.0" encoding="UTF-8"?>
<testsuite name="com.jhyeon.book.springboot.HelloControllerTest" tests="2" skipped="0" failures="0" errors="0" timestamp="2020-06-24T06:18:10" hostname="payletter3" time="0.099">
  <properties/>
  <testcase name="hello가_리턴된다" classname="com.jhyeon.book.springboot.HelloControllerTest" time="0.042"/>
  <testcase name="helloDto가_리턴된다" classname="com.jhyeon.book.springboot.HelloControllerTest" time="0.057"/>
  <system-out><![CDATA[2020-06-24 15:18:09.764  INFO 27800 --- [    Test worker] .b.t.a.w.s.WebMvcTestContextBootstrapper : Neither @ContextConfiguration nor @ContextHierarchy found for test class [com.jhyeon.book.springboot.HelloControllerTest], using SpringBootContextLoader
2020-06-24 15:18:09.764  INFO 27800 --- [    Test worker] o.s.t.c.support.AbstractContextLoader    : Could not detect default resource locations for test class [com.jhyeon.book.springboot.HelloControllerTest]: no resource found for suffixes {-context.xml, Context.groovy}.
2020-06-24 15:18:09.764  INFO 27800 --- [    Test worker] t.c.s.AnnotationConfigContextLoaderUtils : Could not detect default configuration classes for test class [com.jhyeon.book.springboot.HelloControllerTest]: HelloControllerTest does not declare any static, non-private, non-final, nested classes annotated with @Configuration.
2020-06-24 15:18:09.779  INFO 27800 --- [    Test worker] .b.t.c.SpringBootTestContextBootstrapper : Found @SpringBootConfiguration com.jhyeon.book.springboot.Application for test class com.jhyeon.book.springboot.HelloControllerTest
2020-06-24 15:18:09.780  INFO 27800 --- [    Test worker] .b.t.a.w.s.WebMvcTestContextBootstrapper : Loaded default TestExecutionListener class names from location [META-INF/spring.factories]: [org.springframework.security.test.context.support.WithSecurityContextTestExecutionListener, org.springframework.security.test.context.support.ReactorContextTestExecutionListener, org.springframework.boot.test.autoconfigure.restdocs.RestDocsTestExecutionListener, org.springframework.boot.test.autoconfigure.web.client.MockRestServiceServerResetTestExecutionListener, org.springframework.boot.test.autoconfigure.web.servlet.MockMvcPrintOnlyOnFailureTestExecutionListener, org.springframework.boot.test.autoconfigure.web.servlet.WebDriverTestExecutionListener, org.springframework.boot.test.mock.mockito.MockitoTestExecutionListener, org.springframework.boot.test.mock.mockito.ResetMocksTestExecutionListener, org.springframework.test.context.web.ServletTestExecutionListener, org.springframework.test.context.support.DirtiesContextBeforeModesTestExecutionListener, org.springframework.test.context.support.DependencyInjectionTestExecutionListener, org.springframework.test.context.support.DirtiesContextTestExecutionListener, org.springframework.test.context.transaction.TransactionalTestExecutionListener, org.springframework.test.context.jdbc.SqlScriptsTestExecutionListener]
2020-06-24 15:18:09.781  INFO 27800 --- [    Test worker] .b.t.a.w.s.WebMvcTestContextBootstrapper : Using TestExecutionListeners: [org.springframework.test.context.web.ServletTestExecutionListener@46b621, org.springframework.test.context.support.DirtiesContextBeforeModesTestExecutionListener@ce08fab, org.springframework.boot.test.mock.mockito.MockitoTestExecutionListener@29833a84, org.springframework.boot.test.autoconfigure.SpringBootDependencyInjectionTestExecutionListener@60f21089, org.springframework.test.context.support.DirtiesContextTestExecutionListener@55b04508, org.springframework.test.context.transaction.TransactionalTestExecutionListener@5da505c2, org.springframework.test.context.jdbc.SqlScriptsTestExecutionListener@6dc253e8, org.springframework.security.test.context.support.WithSecurityContextTestExecutionListener@1dc46081, org.springframework.security.test.context.support.ReactorContextTestExecutionListener@4a8bee34, org.springframework.boot.test.autoconfigure.restdocs.RestDocsTestExecutionListener@3ff579b2, org.springframework.boot.test.autoconfigure.web.client.MockRestServiceServerResetTestExecutionListener@405720b7, org.springframework.boot.test.autoconfigure.web.servlet.MockMvcPrintOnlyOnFailureTestExecutionListener@7e298054, org.springframework.boot.test.autoconfigure.web.servlet.WebDriverTestExecutionListener@6bc62beb, org.springframework.boot.test.mock.mockito.ResetMocksTestExecutionListener@7feae7c8]

  .   ____          _            __ _ _
 /\\ / ___'_ __ _ _(_)_ __  __ _ \ \ \ \
( ( )\___ | '_ | '_| | '_ \/ _` | \ \ \ \
 \\/  ___)| |_)| | | | | || (_| |  ) ) ) )
  '  |____| .__|_| |_|_| |_\__, | / / / /
 =========|_|==============|___/=/_/_/_/
 :: Spring Boot ::        (v2.1.9.RELEASE)

2020-06-24 15:18:09.804  INFO 27800 --- [    Test worker] c.j.book.springboot.HelloControllerTest  : Starting HelloControllerTest on payletter3 with PID 27800 (started by payletter3 in D:\IdeaProjects)
2020-06-24 15:18:09.805  INFO 27800 --- [    Test worker] c.j.book.springboot.HelloControllerTest  : No active profile set, falling back to default profiles: default
2020-06-24 15:18:10.111  INFO 27800 --- [    Test worker] o.s.s.concurrent.ThreadPoolTaskExecutor  : Initializing ExecutorService 'applicationTaskExecutor'
2020-06-24 15:18:10.132  INFO 27800 --- [    Test worker] o.s.b.a.w.s.WelcomePageHandlerMapping    : Adding welcome page template: index
2020-06-24 15:18:10.261  INFO 27800 --- [    Test worker] .s.s.UserDetailsServiceAutoConfiguration : 

Using generated security password: bbbf959e-210d-48ef-b126-29d412c92fc5

2020-06-24 15:18:10.339  INFO 27800 --- [    Test worker] o.s.s.web.DefaultSecurityFilterChain     : Creating filter chain: any request, [org.springframework.security.web.context.request.async.WebAsyncManagerIntegrationFilter@20abcc7b, org.springframework.security.web.context.SecurityContextPersistenceFilter@d771fa4, org.springframework.security.web.header.HeaderWriterFilter@1819eb54, org.springframework.security.web.csrf.CsrfFilter@751d475f, org.springframework.security.web.authentication.logout.LogoutFilter@4a31bc77, org.springframework.security.web.authentication.UsernamePasswordAuthenticationFilter@ad76096, org.springframework.security.web.authentication.ui.DefaultLoginPageGeneratingFilter@8febd9d, org.springframework.security.web.authentication.ui.DefaultLogoutPageGeneratingFilter@6196d3c0, org.springframework.security.web.authentication.www.BasicAuthenticationFilter@4564b29f, org.springframework.security.web.savedrequest.RequestCacheAwareFilter@5342c30f, org.springframework.security.web.servletapi.SecurityContextHolderAwareRequestFilter@456c178, org.springframework.security.web.authentication.AnonymousAuthenticationFilter@1867527, org.springframework.security.web.session.SessionManagementFilter@7a160b7, org.springframework.security.web.access.ExceptionTranslationFilter@2f1e2eb3, org.springframework.security.web.access.intercept.FilterSecurityInterceptor@4ade0a0e]
2020-06-24 15:18:10.362  INFO 27800 --- [    Test worker] o.s.b.t.m.w.SpringBootMockServletContext : Initializing Spring TestDispatcherServlet ''
2020-06-24 15:18:10.362  INFO 27800 --- [    Test worker] o.s.t.web.servlet.TestDispatcherServlet  : Initializing Servlet ''
2020-06-24 15:18:10.371  INFO 27800 --- [    Test worker] o.s.t.web.servlet.TestDispatcherServlet  : Completed initialization in 9 ms
2020-06-24 15:18:10.389  INFO 27800 --- [    Test worker] c.j.book.springboot.HelloControllerTest  : Started HelloControllerTest in 0.606 seconds (JVM running for 6.859)
]]></system-out>
  <system-err><![CDATA[]]></system-err>
</testsuite>
