<?xml version="1.0" encoding="UTF-8"?>
<testsuite name="com.jhyeon.book.springboot.domain.posts.PostsRepositoryTest" tests="2" skipped="0" failures="0" errors="0" timestamp="2020-06-22T08:07:11" hostname="payletter3" time="0.082">
  <properties/>
  <testcase name="게시글저장_불러오기" classname="com.jhyeon.book.springboot.domain.posts.PostsRepositoryTest" time="0.076"/>
  <testcase name="BaseTimeEntity_등록" classname="com.jhyeon.book.springboot.domain.posts.PostsRepositoryTest" time="0.006"/>
  <system-out><![CDATA[2020-06-22 17:07:10.215  INFO 15816 --- [    Test worker] .b.t.c.SpringBootTestContextBootstrapper : Neither @ContextConfiguration nor @ContextHierarchy found for test class [com.jhyeon.book.springboot.domain.posts.PostsRepositoryTest], using SpringBootContextLoader
2020-06-22 17:07:10.215  INFO 15816 --- [    Test worker] o.s.t.c.support.AbstractContextLoader    : Could not detect default resource locations for test class [com.jhyeon.book.springboot.domain.posts.PostsRepositoryTest]: no resource found for suffixes {-context.xml, Context.groovy}.
2020-06-22 17:07:10.216  INFO 15816 --- [    Test worker] t.c.s.AnnotationConfigContextLoaderUtils : Could not detect default configuration classes for test class [com.jhyeon.book.springboot.domain.posts.PostsRepositoryTest]: PostsRepositoryTest does not declare any static, non-private, non-final, nested classes annotated with @Configuration.
2020-06-22 17:07:10.222  INFO 15816 --- [    Test worker] .b.t.c.SpringBootTestContextBootstrapper : Found @SpringBootConfiguration com.jhyeon.book.springboot.Application for test class com.jhyeon.book.springboot.domain.posts.PostsRepositoryTest
2020-06-22 17:07:10.223  INFO 15816 --- [    Test worker] .b.t.c.SpringBootTestContextBootstrapper : Loaded default TestExecutionListener class names from location [META-INF/spring.factories]: [org.springframework.security.test.context.support.WithSecurityContextTestExecutionListener, org.springframework.security.test.context.support.ReactorContextTestExecutionListener, org.springframework.boot.test.autoconfigure.restdocs.RestDocsTestExecutionListener, org.springframework.boot.test.autoconfigure.web.client.MockRestServiceServerResetTestExecutionListener, org.springframework.boot.test.autoconfigure.web.servlet.MockMvcPrintOnlyOnFailureTestExecutionListener, org.springframework.boot.test.autoconfigure.web.servlet.WebDriverTestExecutionListener, org.springframework.boot.test.mock.mockito.MockitoTestExecutionListener, org.springframework.boot.test.mock.mockito.ResetMocksTestExecutionListener, org.springframework.test.context.web.ServletTestExecutionListener, org.springframework.test.context.support.DirtiesContextBeforeModesTestExecutionListener, org.springframework.test.context.support.DependencyInjectionTestExecutionListener, org.springframework.test.context.support.DirtiesContextTestExecutionListener, org.springframework.test.context.transaction.TransactionalTestExecutionListener, org.springframework.test.context.jdbc.SqlScriptsTestExecutionListener]
2020-06-22 17:07:10.224  INFO 15816 --- [    Test worker] .b.t.c.SpringBootTestContextBootstrapper : Using TestExecutionListeners: [org.springframework.test.context.web.ServletTestExecutionListener@17399346, org.springframework.test.context.support.DirtiesContextBeforeModesTestExecutionListener@66165ddb, org.springframework.boot.test.mock.mockito.MockitoTestExecutionListener@6b694ba2, org.springframework.boot.test.autoconfigure.SpringBootDependencyInjectionTestExecutionListener@33c36832, org.springframework.test.context.support.DirtiesContextTestExecutionListener@683b6eaf, org.springframework.test.context.transaction.TransactionalTestExecutionListener@3c971ef6, org.springframework.test.context.jdbc.SqlScriptsTestExecutionListener@1d82769d, org.springframework.security.test.context.support.WithSecurityContextTestExecutionListener@35280fe7, org.springframework.security.test.context.support.ReactorContextTestExecutionListener@6d551fb, org.springframework.boot.test.autoconfigure.restdocs.RestDocsTestExecutionListener@2318f79, org.springframework.boot.test.autoconfigure.web.client.MockRestServiceServerResetTestExecutionListener@c09273c, org.springframework.boot.test.autoconfigure.web.servlet.MockMvcPrintOnlyOnFailureTestExecutionListener@792b466d, org.springframework.boot.test.autoconfigure.web.servlet.WebDriverTestExecutionListener@555d9a3a, org.springframework.boot.test.mock.mockito.ResetMocksTestExecutionListener@5b999daf]

  .   ____          _            __ _ _
 /\\ / ___'_ __ _ _(_)_ __  __ _ \ \ \ \
( ( )\___ | '_ | '_| | '_ \/ _` | \ \ \ \
 \\/  ___)| |_)| | | | | || (_| |  ) ) ) )
  '  |____| .__|_| |_|_| |_\__, | / / / /
 =========|_|==============|___/=/_/_/_/
 :: Spring Boot ::        (v2.1.9.RELEASE)

2020-06-22 17:07:10.238  INFO 15816 --- [    Test worker] c.j.b.s.d.posts.PostsRepositoryTest      : Starting PostsRepositoryTest on payletter3 with PID 15816 (started by payletter3 in D:\IdeaProjects)
2020-06-22 17:07:10.239  INFO 15816 --- [    Test worker] c.j.b.s.d.posts.PostsRepositoryTest      : No active profile set, falling back to default profiles: default
2020-06-22 17:07:10.365  INFO 15816 --- [    Test worker] .s.d.r.c.RepositoryConfigurationDelegate : Bootstrapping Spring Data repositories in DEFAULT mode.
2020-06-22 17:07:10.381  INFO 15816 --- [    Test worker] .s.d.r.c.RepositoryConfigurationDelegate : Finished Spring Data repository scanning in 15ms. Found 2 repository interfaces.
2020-06-22 17:07:10.447  INFO 15816 --- [    Test worker] trationDelegate$BeanPostProcessorChecker : Bean 'org.springframework.transaction.annotation.ProxyTransactionManagementConfiguration' of type [org.springframework.transaction.annotation.ProxyTransactionManagementConfiguration$$EnhancerBySpringCGLIB$$228a32da] is not eligible for getting processed by all BeanPostProcessors (for example: not eligible for auto-proxying)
2020-06-22 17:07:10.500  INFO 15816 --- [    Test worker] com.zaxxer.hikari.HikariDataSource       : HikariPool-2 - Starting...
2020-06-22 17:07:10.501  INFO 15816 --- [    Test worker] com.zaxxer.hikari.HikariDataSource       : HikariPool-2 - Start completed.
2020-06-22 17:07:10.516  INFO 15816 --- [    Test worker] o.hibernate.jpa.internal.util.LogHelper  : HHH000204: Processing PersistenceUnitInfo [
	name: default
	...]
2020-06-22 17:07:10.522  INFO 15816 --- [    Test worker] org.hibernate.dialect.Dialect            : HHH000400: Using dialect: org.hibernate.dialect.MySQL5InnoDBDialect
Hibernate: drop table if exists posts
Hibernate: drop table if exists user
Hibernate: create table posts (id bigint not null auto_increment, create_date datetime, modified_date datetime, author varchar(255), content TEXT not null, title varchar(500) not null, primary key (id)) engine=InnoDB
Hibernate: create table user (id bigint not null auto_increment, create_date datetime, modified_date datetime, email varchar(255) not null, name varchar(255) not null, picture varchar(255), role varchar(255) not null, primary key (id)) engine=InnoDB
2020-06-22 17:07:10.549  INFO 15816 --- [    Test worker] o.h.t.schema.internal.SchemaCreatorImpl  : HHH000476: Executing import script 'org.hibernate.tool.schema.internal.exec.ScriptSourceInputNonExistentImpl@267362d'
2020-06-22 17:07:10.549  INFO 15816 --- [    Test worker] j.LocalContainerEntityManagerFactoryBean : Initialized JPA EntityManagerFactory for persistence unit 'default'
2020-06-22 17:07:10.663  INFO 15816 --- [    Test worker] o.h.h.i.QueryTranslatorFactoryInitiator  : HHH000397: Using ASTQueryTranslatorFactory
2020-06-22 17:07:10.753  INFO 15816 --- [    Test worker] o.s.s.web.DefaultSecurityFilterChain     : Creating filter chain: any request, [org.springframework.security.web.context.request.async.WebAsyncManagerIntegrationFilter@1cc6e555, org.springframework.security.web.context.SecurityContextPersistenceFilter@645ab3e8, org.springframework.security.web.header.HeaderWriterFilter@1ab676fc, org.springframework.security.web.authentication.logout.LogoutFilter@60d062bf, org.springframework.security.oauth2.client.web.OAuth2AuthorizationRequestRedirectFilter@43ffef99, org.springframework.security.oauth2.client.web.OAuth2LoginAuthenticationFilter@2b98e517, org.springframework.security.web.authentication.ui.DefaultLoginPageGeneratingFilter@51245e80, org.springframework.security.web.authentication.ui.DefaultLogoutPageGeneratingFilter@1a112f2e, org.springframework.security.web.savedrequest.RequestCacheAwareFilter@7df035d, org.springframework.security.web.servletapi.SecurityContextHolderAwareRequestFilter@2ef794cc, org.springframework.security.web.authentication.AnonymousAuthenticationFilter@262e98d2, org.springframework.security.web.session.SessionManagementFilter@60f3ebf1, org.springframework.security.web.access.ExceptionTranslationFilter@68316af4, org.springframework.security.web.access.intercept.FilterSecurityInterceptor@345650eb]
2020-06-22 17:07:10.938  INFO 15816 --- [    Test worker] o.s.s.concurrent.ThreadPoolTaskExecutor  : Initializing ExecutorService 'applicationTaskExecutor'
2020-06-22 17:07:10.947  WARN 15816 --- [    Test worker] aWebConfiguration$JpaWebMvcConfiguration : spring.jpa.open-in-view is enabled by default. Therefore, database queries may be performed during view rendering. Explicitly configure spring.jpa.open-in-view to disable this warning
2020-06-22 17:07:10.965  INFO 15816 --- [    Test worker] o.s.b.a.w.s.WelcomePageHandlerMapping    : Adding welcome page template: index
2020-06-22 17:07:11.178  INFO 15816 --- [    Test worker] s.a.ScheduledAnnotationBeanPostProcessor : No TaskScheduler/ScheduledExecutorService bean found for scheduled processing
2020-06-22 17:07:11.178  INFO 15816 --- [    Test worker] c.j.b.s.d.posts.PostsRepositoryTest      : Started PostsRepositoryTest in 0.953 seconds (JVM running for 7.347)
Hibernate: insert into posts (create_date, modified_date, author, content, title) values (?, ?, ?, ?, ?)
Hibernate: select posts0_.id as id1_0_, posts0_.create_date as create_d2_0_, posts0_.modified_date as modified3_0_, posts0_.author as author4_0_, posts0_.content as content5_0_, posts0_.title as title6_0_ from posts posts0_
Hibernate: select posts0_.id as id1_0_, posts0_.create_date as create_d2_0_, posts0_.modified_date as modified3_0_, posts0_.author as author4_0_, posts0_.content as content5_0_, posts0_.title as title6_0_ from posts posts0_
Hibernate: delete from posts where id=?
Hibernate: insert into posts (create_date, modified_date, author, content, title) values (?, ?, ?, ?, ?)
Hibernate: select posts0_.id as id1_0_, posts0_.create_date as create_d2_0_, posts0_.modified_date as modified3_0_, posts0_.author as author4_0_, posts0_.content as content5_0_, posts0_.title as title6_0_ from posts posts0_
>>>>>>>> createDate=2020-06-22T17:07:11.259, modifiedDate=2020-06-22T17:07:11.259
Hibernate: select posts0_.id as id1_0_, posts0_.create_date as create_d2_0_, posts0_.modified_date as modified3_0_, posts0_.author as author4_0_, posts0_.content as content5_0_, posts0_.title as title6_0_ from posts posts0_
Hibernate: delete from posts where id=?
]]></system-out>
  <system-err><![CDATA[]]></system-err>
</testsuite>
