<?xml version="1.0" encoding="UTF-8"?>
<testsuite name="com.jhyeon.book.springboot.HelloControllerTest" tests="2" skipped="0" failures="0" errors="0" timestamp="2020-06-25T01:18:44" hostname="payletter3" time="0.101">
  <properties/>
  <testcase name="hello가_리턴된다" classname="com.jhyeon.book.springboot.HelloControllerTest" time="0.043"/>
  <testcase name="helloDto가_리턴된다" classname="com.jhyeon.book.springboot.HelloControllerTest" time="0.058"/>
  <system-out><![CDATA[2020-06-25 10:18:43.531  INFO 27112 --- [    Test worker] .b.t.a.w.s.WebMvcTestContextBootstrapper : Neither @ContextConfiguration nor @ContextHierarchy found for test class [com.jhyeon.book.springboot.HelloControllerTest], using SpringBootContextLoader
2020-06-25 10:18:43.532  INFO 27112 --- [    Test worker] o.s.t.c.support.AbstractContextLoader    : Could not detect default resource locations for test class [com.jhyeon.book.springboot.HelloControllerTest]: no resource found for suffixes {-context.xml, Context.groovy}.
2020-06-25 10:18:43.532  INFO 27112 --- [    Test worker] t.c.s.AnnotationConfigContextLoaderUtils : Could not detect default configuration classes for test class [com.jhyeon.book.springboot.HelloControllerTest]: HelloControllerTest does not declare any static, non-private, non-final, nested classes annotated with @Configuration.
2020-06-25 10:18:43.547  INFO 27112 --- [    Test worker] .b.t.c.SpringBootTestContextBootstrapper : Found @SpringBootConfiguration com.jhyeon.book.springboot.Application for test class com.jhyeon.book.springboot.HelloControllerTest
2020-06-25 10:18:43.547  INFO 27112 --- [    Test worker] .b.t.a.w.s.WebMvcTestContextBootstrapper : Loaded default TestExecutionListener class names from location [META-INF/spring.factories]: [org.springframework.security.test.context.support.WithSecurityContextTestExecutionListener, org.springframework.security.test.context.support.ReactorContextTestExecutionListener, org.springframework.boot.test.autoconfigure.restdocs.RestDocsTestExecutionListener, org.springframework.boot.test.autoconfigure.web.client.MockRestServiceServerResetTestExecutionListener, org.springframework.boot.test.autoconfigure.web.servlet.MockMvcPrintOnlyOnFailureTestExecutionListener, org.springframework.boot.test.autoconfigure.web.servlet.WebDriverTestExecutionListener, org.springframework.boot.test.mock.mockito.MockitoTestExecutionListener, org.springframework.boot.test.mock.mockito.ResetMocksTestExecutionListener, org.springframework.test.context.web.ServletTestExecutionListener, org.springframework.test.context.support.DirtiesContextBeforeModesTestExecutionListener, org.springframework.test.context.support.DependencyInjectionTestExecutionListener, org.springframework.test.context.support.DirtiesContextTestExecutionListener, org.springframework.test.context.transaction.TransactionalTestExecutionListener, org.springframework.test.context.jdbc.SqlScriptsTestExecutionListener]
2020-06-25 10:18:43.548  INFO 27112 --- [    Test worker] .b.t.a.w.s.WebMvcTestContextBootstrapper : Using TestExecutionListeners: [org.springframework.test.context.web.ServletTestExecutionListener@1dc46081, org.springframework.test.context.support.DirtiesContextBeforeModesTestExecutionListener@4a8bee34, org.springframework.boot.test.mock.mockito.MockitoTestExecutionListener@3ff579b2, org.springframework.boot.test.autoconfigure.SpringBootDependencyInjectionTestExecutionListener@405720b7, org.springframework.test.context.support.DirtiesContextTestExecutionListener@7e298054, org.springframework.test.context.transaction.TransactionalTestExecutionListener@6bc62beb, org.springframework.test.context.jdbc.SqlScriptsTestExecutionListener@7feae7c8, org.springframework.security.test.context.support.WithSecurityContextTestExecutionListener@641321a, org.springframework.security.test.context.support.ReactorContextTestExecutionListener@34d839a6, org.springframework.boot.test.autoconfigure.restdocs.RestDocsTestExecutionListener@6e9bc5a5, org.springframework.boot.test.autoconfigure.web.client.MockRestServiceServerResetTestExecutionListener@46e7bb19, org.springframework.boot.test.autoconfigure.web.servlet.MockMvcPrintOnlyOnFailureTestExecutionListener@4939903d, org.springframework.boot.test.autoconfigure.web.servlet.WebDriverTestExecutionListener@3c5995b5, org.springframework.boot.test.mock.mockito.ResetMocksTestExecutionListener@c5fd976]

  .   ____          _            __ _ _
 /\\ / ___'_ __ _ _(_)_ __  __ _ \ \ \ \
( ( )\___ | '_ | '_| | '_ \/ _` | \ \ \ \
 \\/  ___)| |_)| | | | | || (_| |  ) ) ) )
  '  |____| .__|_| |_|_| |_\__, | / / / /
 =========|_|==============|___/=/_/_/_/
 :: Spring Boot ::        (v2.1.9.RELEASE)

2020-06-25 10:18:43.569  INFO 27112 --- [    Test worker] c.j.book.springboot.HelloControllerTest  : Starting HelloControllerTest on payletter3 with PID 27112 (started by payletter3 in D:\IdeaProjects)
2020-06-25 10:18:43.570  INFO 27112 --- [    Test worker] c.j.book.springboot.HelloControllerTest  : No active profile set, falling back to default profiles: default
2020-06-25 10:18:43.855  INFO 27112 --- [    Test worker] o.s.s.concurrent.ThreadPoolTaskExecutor  : Initializing ExecutorService 'applicationTaskExecutor'
2020-06-25 10:18:43.875  INFO 27112 --- [    Test worker] o.s.b.a.w.s.WelcomePageHandlerMapping    : Adding welcome page template: index
2020-06-25 10:18:44.001  INFO 27112 --- [    Test worker] .s.s.UserDetailsServiceAutoConfiguration : 

Using generated security password: f9519961-64bc-4e71-bf3b-989a706656f9

2020-06-25 10:18:44.076  INFO 27112 --- [    Test worker] o.s.s.web.DefaultSecurityFilterChain     : Creating filter chain: any request, [org.springframework.security.web.context.request.async.WebAsyncManagerIntegrationFilter@621c94e4, org.springframework.security.web.context.SecurityContextPersistenceFilter@37def2f9, org.springframework.security.web.header.HeaderWriterFilter@78deff15, org.springframework.security.web.csrf.CsrfFilter@456c178, org.springframework.security.web.authentication.logout.LogoutFilter@4e3242fb, org.springframework.security.web.authentication.UsernamePasswordAuthenticationFilter@6196d3c0, org.springframework.security.web.authentication.ui.DefaultLoginPageGeneratingFilter@4ade0a0e, org.springframework.security.web.authentication.ui.DefaultLogoutPageGeneratingFilter@3dd8156e, org.springframework.security.web.authentication.www.BasicAuthenticationFilter@47b63741, org.springframework.security.web.savedrequest.RequestCacheAwareFilter@2e2acda, org.springframework.security.web.servletapi.SecurityContextHolderAwareRequestFilter@dcbddc4, org.springframework.security.web.authentication.AnonymousAuthenticationFilter@4ba221ab, org.springframework.security.web.session.SessionManagementFilter@4a31bc77, org.springframework.security.web.access.ExceptionTranslationFilter@3dc10919, org.springframework.security.web.access.intercept.FilterSecurityInterceptor@20abcc7b]
2020-06-25 10:18:44.103  INFO 27112 --- [    Test worker] o.s.b.t.m.w.SpringBootMockServletContext : Initializing Spring TestDispatcherServlet ''
2020-06-25 10:18:44.103  INFO 27112 --- [    Test worker] o.s.t.web.servlet.TestDispatcherServlet  : Initializing Servlet ''
2020-06-25 10:18:44.112  INFO 27112 --- [    Test worker] o.s.t.web.servlet.TestDispatcherServlet  : Completed initialization in 9 ms
2020-06-25 10:18:44.129  INFO 27112 --- [    Test worker] c.j.book.springboot.HelloControllerTest  : Started HelloControllerTest in 0.579 seconds (JVM running for 6.619)
]]></system-out>
  <system-err><![CDATA[]]></system-err>
</testsuite>
